[00:30:53] [main/WARN]: Ambiguity between arguments [teleport, destination] and [teleport, targets] with inputs: [Player, 0123, @e, dd12be42-52a9-4a91-a8a1-11c01849e498]
[00:30:53] [main/WARN]: Ambiguity between arguments [teleport, location] and [teleport, destination] with inputs: [0.1 -0.5 .9, 0 0 0]
[00:30:53] [main/WARN]: Ambiguity between arguments [teleport, location] and [teleport, targets] with inputs: [0.1 -0.5 .9, 0 0 0]
[00:30:53] [main/WARN]: Ambiguity between arguments [teleport, targets] and [teleport, destination] with inputs: [Player, 0123, dd12be42-52a9-4a91-a8a1-11c01849e498]
[00:30:53] [main/WARN]: Ambiguity between arguments [teleport, targets, location] and [teleport, targets, destination] with inputs: [0.1 -0.5 .9, 0 0 0]
[00:30:53] [Server thread/INFO]: Starting minecraft server version 1.15.2
[00:30:53] [Server thread/INFO]: Loading properties
[00:30:53] [Server thread/INFO]: Default game type: SURVIVAL
[00:30:53] [Server thread/INFO]: Generating keypair
[00:30:53] [Server console handler/ERROR]: Exception handling console input
java.io.IOException: Controlador no válido
	at java.io.FileInputStream.readBytes(Native Method) ~[?:?]
	at java.io.FileInputStream.read(FileInputStream.java:276) ~[?:?]
	at java.io.BufferedInputStream.read1(BufferedInputStream.java:282) ~[?:?]
	at java.io.BufferedInputStream.read(BufferedInputStream.java:343) ~[?:?]
	at sun.nio.cs.StreamDecoder.readBytes(StreamDecoder.java:270) ~[?:?]
	at sun.nio.cs.StreamDecoder.implRead(StreamDecoder.java:313) ~[?:?]
	at sun.nio.cs.StreamDecoder.read(StreamDecoder.java:188) ~[?:?]
	at java.io.InputStreamReader.read(InputStreamReader.java:177) ~[?:?]
	at java.io.BufferedReader.fill(BufferedReader.java:162) ~[?:?]
	at java.io.BufferedReader.readLine(BufferedReader.java:329) ~[?:?]
	at java.io.BufferedReader.readLine(BufferedReader.java:396) ~[?:?]
	at wd$2.run(SourceFile:110) [minecraft_server.1.15.2.jar:?]
[00:30:54] [Server thread/INFO]: Starting Minecraft server on *:25565
[00:30:54] [Server thread/INFO]: Using default channel type
[00:30:55] [Server thread/INFO]: Preparing level "world"
[00:30:55] [Server thread/INFO]: Found new data pack vanilla, loading it automatically
[00:30:55] [Server thread/INFO]: Reloading ResourceManager: Default
[00:30:58] [Server thread/INFO]: Loaded 6 recipes
[00:30:58] [Server thread/INFO]: Loaded 825 advancements
[00:31:01] [Server thread/INFO]: Preparing start region for dimension minecraft:overworld
[00:31:01] [Server-Worker-4/INFO]: Preparing spawn area: 0%
[00:31:01] [Server-Worker-5/INFO]: Preparing spawn area: 0%
[00:31:02] [Server-Worker-2/INFO]: Preparing spawn area: 4%
[00:31:02] [Server-Worker-4/INFO]: Preparing spawn area: 7%
[00:31:03] [Server-Worker-1/INFO]: Preparing spawn area: 13%
[00:31:03] [Server-Worker-4/INFO]: Preparing spawn area: 17%
[00:31:04] [Server-Worker-1/INFO]: Preparing spawn area: 23%
[00:31:04] [Server-Worker-2/INFO]: Preparing spawn area: 26%
[00:31:05] [Server-Worker-5/INFO]: Preparing spawn area: 33%
[00:31:05] [Server-Worker-3/INFO]: Preparing spawn area: 36%
[00:31:06] [Server-Worker-2/INFO]: Preparing spawn area: 40%
[00:31:06] [Server-Worker-3/INFO]: Preparing spawn area: 41%
[00:31:07] [Server-Worker-2/INFO]: Preparing spawn area: 47%
[00:31:07] [Server-Worker-5/INFO]: Preparing spawn area: 53%
[00:31:08] [Server-Worker-4/INFO]: Preparing spawn area: 58%
[00:31:08] [Server-Worker-4/INFO]: Preparing spawn area: 64%
[00:31:09] [Server-Worker-2/INFO]: Preparing spawn area: 71%
[00:31:09] [Server-Worker-1/INFO]: Preparing spawn area: 77%
[00:31:10] [Server-Worker-5/INFO]: Preparing spawn area: 84%
[00:31:10] [Server-Worker-1/INFO]: Preparing spawn area: 89%
[00:31:11] [Server-Worker-4/INFO]: Preparing spawn area: 97%
[00:31:11] [Server thread/INFO]: Time elapsed: 10153 ms
[00:31:11] [Server thread/INFO]: Done (16.350s)! For help, type "help"
[00:31:11] [Server thread/INFO]: Stopping server
[00:31:11] [Server thread/INFO]: Saving players
[00:31:11] [Server thread/INFO]: Saving worlds
[00:31:11] [Server thread/INFO]: Saving chunks for level 'world'/minecraft:the_end
[00:31:11] [Server thread/INFO]: ThreadedAnvilChunkStorage (DIM1): All chunks are saved
[00:31:11] [Server thread/INFO]: Saving chunks for level 'world'/minecraft:overworld
[00:31:13] [Server thread/INFO]: ThreadedAnvilChunkStorage (world): All chunks are saved
[00:31:13] [Server thread/INFO]: Saving chunks for level 'world'/minecraft:the_nether
[00:31:13] [Server thread/INFO]: ThreadedAnvilChunkStorage (DIM-1): All chunks are saved
[00:31:13] [Server thread/INFO]: ThreadedAnvilChunkStorage (DIM1): All chunks are saved
[00:31:13] [Server thread/INFO]: ThreadedAnvilChunkStorage (world): All chunks are saved
[00:31:13] [Server thread/INFO]: ThreadedAnvilChunkStorage (DIM-1): All chunks are saved
